{
  "stats": {
    "suites": 1,
    "tests": 3,
    "passes": 2,
    "pending": 0,
    "failures": 1,
    "start": "2021-05-17T21:56:13.493Z",
    "end": "2021-05-17T21:56:24.854Z",
    "duration": 11361,
    "testsRegistered": 3,
    "passPercent": 66.66666666666666,
    "pendingPercent": 0,
    "other": 0,
    "hasOther": false,
    "skipped": 0,
    "hasSkipped": false
  },
  "results": [
    {
      "uuid": "ce04e25a-871d-4d95-be52-885267fb1313",
      "title": "",
      "fullFile": "cypress\\integration\\Briq_Assesment\\Exit Intent.js",
      "file": "cypress\\integration\\Briq_Assesment\\Exit Intent.js",
      "beforeHooks": [],
      "afterHooks": [],
      "tests": [],
      "suites": [
        {
          "uuid": "db036b80-405a-4d79-a3a1-2f7fa7e2e86d",
          "title": "TestSuite for Exit Intent functionality",
          "fullFile": "",
          "file": "",
          "beforeHooks": [],
          "afterHooks": [],
          "tests": [
            {
              "title": "To verify Exit Intent point is present in the list displayed on the page",
              "fullTitle": "TestSuite for Exit Intent functionality To verify Exit Intent point is present in the list displayed on the page",
              "timedOut": null,
              "duration": 3571,
              "state": "passed",
              "speed": "slow",
              "pass": true,
              "fail": false,
              "pending": false,
              "context": null,
              "code": "cy.visit('http://the-internet.herokuapp.com/');\ncy.get('#content > ul').find(\"a[href='/exit_intent']\").should('have.text', 'Exit Intent');",
              "err": {},
              "uuid": "6b7ed742-aab7-4cc8-9804-75b2f76bcecd",
              "parentUUID": "db036b80-405a-4d79-a3a1-2f7fa7e2e86d",
              "isHook": false,
              "skipped": false
            },
            {
              "title": "To verify Modal window appear when user mouseout of viewport pane",
              "fullTitle": "TestSuite for Exit Intent functionality To verify Modal window appear when user mouseout of viewport pane",
              "timedOut": null,
              "duration": 864,
              "state": "failed",
              "speed": null,
              "pass": false,
              "fail": true,
              "pending": false,
              "context": null,
              "code": "cy.get('.no-js').removeAttr('disabled').trigger('mouseout');\ncy.document().trigger('mouseover');\ncy.get('#ouibounce-modal').should('have.css', 'display', 'block');\ncy.get('.modal .modal-title').should('have.text', 'This is a modal window');",
              "err": {
                "message": "TypeError: cy.get(...).removeAttr is not a function",
                "estack": "TypeError: cy.get(...).removeAttr is not a function\n    at Context.eval (eval at <anonymous> (http://the-internet.herokuapp.com/__cypress/runner/cypress_runner.js:176798:16), <anonymous>:106:22)",
                "diff": null
              },
              "uuid": "fcaad2b1-f50f-4efa-b88b-5e7e27072e5a",
              "parentUUID": "db036b80-405a-4d79-a3a1-2f7fa7e2e86d",
              "isHook": false,
              "skipped": false
            },
            {
              "title": "To verify location of Exit Intent link",
              "fullTitle": "TestSuite for Exit Intent functionality To verify location of Exit Intent link",
              "timedOut": null,
              "duration": 1529,
              "state": "passed",
              "speed": "slow",
              "pass": true,
              "fail": false,
              "pending": false,
              "context": null,
              "code": "cy.visit('http://the-internet.herokuapp.com/');\ncy.get('#content > ul').find(\"a[href='/exit_intent']\").click();\ncy.location().should(function (location) {\n  expect(location.hash).to.be.empty;\n  expect(location.href).to.eq('http://the-internet.herokuapp.com/exit_intent');\n  expect(location.host).to.eq('the-internet.herokuapp.com');\n  expect(location.hostname).to.eq('the-internet.herokuapp.com');\n  expect(location.origin).to.eq('http://the-internet.herokuapp.com');\n  expect(location.pathname).to.eq('/exit_intent');\n  expect(location.protocol).to.eq('http:');\n});",
              "err": {},
              "uuid": "6728c990-22f1-4a13-9a5a-394e35da9ef7",
              "parentUUID": "db036b80-405a-4d79-a3a1-2f7fa7e2e86d",
              "isHook": false,
              "skipped": false
            }
          ],
          "suites": [],
          "passes": [
            "6b7ed742-aab7-4cc8-9804-75b2f76bcecd",
            "6728c990-22f1-4a13-9a5a-394e35da9ef7"
          ],
          "failures": [
            "fcaad2b1-f50f-4efa-b88b-5e7e27072e5a"
          ],
          "pending": [],
          "skipped": [],
          "duration": 5964,
          "root": false,
          "rootEmpty": false,
          "_timeout": 2000
        }
      ],
      "passes": [],
      "failures": [],
      "pending": [],
      "skipped": [],
      "duration": 0,
      "root": true,
      "rootEmpty": true,
      "_timeout": 2000
    }
  ],
  "meta": {
    "mocha": {
      "version": "7.0.1"
    },
    "mochawesome": {
      "options": {
        "quiet": false,
        "reportFilename": "mochawesome",
        "saveHtml": false,
        "saveJson": true,
        "consoleReporter": "spec",
        "useInlineDiffs": false,
        "code": true
      },
      "version": "6.2.2"
    },
    "marge": {
      "options": {
        "overwrite": false,
        "html": false,
        "json": true
      },
      "version": "5.2.0"
    }
  }
}